[0.020s] Invoking command in '/home/rob/colcon_ws/build/arm2': CMAKE_PREFIX_PATH=${CMAKE_PREFIX_PATH}:/opt/ros/humble /usr/bin/cmake /home/rob/colcon_ws/src/arm2 -DAMENT_CMAKE_SYMLINK_INSTALL=1 -DCMAKE_INSTALL_PREFIX=/home/rob/colcon_ws/install/arm2
[0.174s] -- The C compiler identification is GNU 11.4.0
[0.322s] -- The CXX compiler identification is GNU 11.4.0
[0.343s] -- Detecting C compiler ABI info
[0.485s] -- Detecting C compiler ABI info - done
[0.498s] -- Check for working C compiler: /usr/bin/cc - skipped
[0.499s] -- Detecting C compile features
[0.499s] -- Detecting C compile features - done
[0.504s] -- Detecting CXX compiler ABI info
[0.717s] -- Detecting CXX compiler ABI info - done
[0.736s] -- Check for working CXX compiler: /usr/bin/c++ - skipped
[0.737s] -- Detecting CXX compile features
[0.738s] -- Detecting CXX compile features - done
[0.813s] -- Found ament_cmake: 1.3.11 (/opt/ros/humble/share/ament_cmake/cmake)
[1.163s] -- Found Python3: /usr/bin/python3 (found version "3.10.12") found components: Interpreter 
[1.264s] -- Override CMake install command with custom implementation using symlinks instead of copying resources
[1.462s] -- Configuring done
[1.469s] -- Generating done
[1.473s] -- Build files have been written to: /home/rob/colcon_ws/build/arm2
[1.484s] Invoked command in '/home/rob/colcon_ws/build/arm2' returned '0': CMAKE_PREFIX_PATH=${CMAKE_PREFIX_PATH}:/opt/ros/humble /usr/bin/cmake /home/rob/colcon_ws/src/arm2 -DAMENT_CMAKE_SYMLINK_INSTALL=1 -DCMAKE_INSTALL_PREFIX=/home/rob/colcon_ws/install/arm2
[1.487s] Invoking command in '/home/rob/colcon_ws/build/arm2': CMAKE_PREFIX_PATH=${CMAKE_PREFIX_PATH}:/opt/ros/humble /usr/bin/cmake --build /home/rob/colcon_ws/build/arm2 -- -j12 -l12
[1.561s] Invoked command in '/home/rob/colcon_ws/build/arm2' returned '0': CMAKE_PREFIX_PATH=${CMAKE_PREFIX_PATH}:/opt/ros/humble /usr/bin/cmake --build /home/rob/colcon_ws/build/arm2 -- -j12 -l12
[1.564s] Invoking command in '/home/rob/colcon_ws/build/arm2': CMAKE_PREFIX_PATH=${CMAKE_PREFIX_PATH}:/opt/ros/humble /usr/bin/cmake --install /home/rob/colcon_ws/build/arm2
[1.578s] -- Install configuration: ""
[1.578s] -- Execute custom install script
[1.579s] -- Symlinking: /home/rob/colcon_ws/install/arm2/share/ament_index/resource_index/package_run_dependencies/arm2
[1.602s] -- Symlinking: /home/rob/colcon_ws/install/arm2/share/ament_index/resource_index/parent_prefix_path/arm2
[1.618s] -- Symlinking: /home/rob/colcon_ws/install/arm2/share/arm2/environment/ament_prefix_path.sh
[1.635s] -- Symlinking: /home/rob/colcon_ws/install/arm2/share/arm2/environment/ament_prefix_path.dsv
[1.651s] -- Symlinking: /home/rob/colcon_ws/install/arm2/share/arm2/environment/path.sh
[1.667s] -- Symlinking: /home/rob/colcon_ws/install/arm2/share/arm2/environment/path.dsv
[1.681s] -- Symlinking: /home/rob/colcon_ws/install/arm2/share/arm2/local_setup.bash
[1.703s] -- Symlinking: /home/rob/colcon_ws/install/arm2/share/arm2/local_setup.sh
[1.724s] -- Symlinking: /home/rob/colcon_ws/install/arm2/share/arm2/local_setup.zsh
[1.744s] -- Symlinking: /home/rob/colcon_ws/install/arm2/share/arm2/local_setup.dsv
[1.759s] -- Symlinking: /home/rob/colcon_ws/install/arm2/share/arm2/package.dsv
[1.780s] -- Symlinking: /home/rob/colcon_ws/install/arm2/share/ament_index/resource_index/packages/arm2
[1.802s] -- Symlinking: /home/rob/colcon_ws/install/arm2/share/arm2/cmake/arm2Config.cmake
[1.823s] -- Symlinking: /home/rob/colcon_ws/install/arm2/share/arm2/cmake/arm2Config-version.cmake
[1.838s] -- Symlinking: /home/rob/colcon_ws/install/arm2/share/arm2/package.xml
[1.854s] -- Symlinking: /home/rob/colcon_ws/install/arm2/share/arm2/launch/demo.launch.py
[1.868s] -- Symlinking: /home/rob/colcon_ws/install/arm2/share/arm2/launch/move_group.launch.py
[1.882s] -- Symlinking: /home/rob/colcon_ws/install/arm2/share/arm2/launch/moveit_rviz.launch.py
[1.897s] -- Symlinking: /home/rob/colcon_ws/install/arm2/share/arm2/launch/rsp.launch.py
[1.912s] -- Symlinking: /home/rob/colcon_ws/install/arm2/share/arm2/launch/setup_assistant.launch.py
[1.927s] -- Symlinking: /home/rob/colcon_ws/install/arm2/share/arm2/launch/spawn_controllers.launch.py
[1.941s] -- Symlinking: /home/rob/colcon_ws/install/arm2/share/arm2/launch/static_virtual_joint_tfs.launch.py
[1.956s] -- Symlinking: /home/rob/colcon_ws/install/arm2/share/arm2/launch/warehouse_db.launch.py
[1.971s] -- Symlinking: /home/rob/colcon_ws/install/arm2/share/arm2/config/arm.ros2_control.xacro
[1.992s] -- Symlinking: /home/rob/colcon_ws/install/arm2/share/arm2/config/arm.srdf
[2.013s] -- Symlinking: /home/rob/colcon_ws/install/arm2/share/arm2/config/arm.urdf.xacro
[2.033s] -- Symlinking: /home/rob/colcon_ws/install/arm2/share/arm2/config/initial_positions.yaml
[2.053s] -- Symlinking: /home/rob/colcon_ws/install/arm2/share/arm2/config/joint_limits.yaml
[2.068s] -- Symlinking: /home/rob/colcon_ws/install/arm2/share/arm2/config/kinematics.yaml
[2.083s] -- Symlinking: /home/rob/colcon_ws/install/arm2/share/arm2/config/moveit.rviz
[2.098s] -- Symlinking: /home/rob/colcon_ws/install/arm2/share/arm2/config/moveit_controllers.yaml
[2.112s] -- Symlinking: /home/rob/colcon_ws/install/arm2/share/arm2/config/pilz_cartesian_limits.yaml
[2.127s] -- Symlinking: /home/rob/colcon_ws/install/arm2/share/arm2/config/ros2_controllers.yaml
[2.142s] -- Symlinking: /home/rob/colcon_ws/install/arm2/share/arm2/.setup_assistant
[2.162s] Invoked command in '/home/rob/colcon_ws/build/arm2' returned '0': CMAKE_PREFIX_PATH=${CMAKE_PREFIX_PATH}:/opt/ros/humble /usr/bin/cmake --install /home/rob/colcon_ws/build/arm2
