[0.153s] DEBUG:colcon:Command line arguments: ['/usr/bin/colcon', 'build']
[0.153s] DEBUG:colcon:Parsed command line arguments: Namespace(log_base=None, log_level=None, verb_name='build', build_base='build', install_base='install', merge_install=False, symlink_install=False, test_result_base=None, continue_on_error=False, executor='parallel', parallel_workers=12, event_handlers=None, ignore_user_meta=False, metas=['./colcon.meta'], base_paths=['.'], packages_ignore=None, packages_ignore_regex=None, paths=None, packages_up_to=None, packages_up_to_regex=None, packages_above=None, packages_above_and_dependencies=None, packages_above_depth=None, packages_select_by_dep=None, packages_skip_by_dep=None, packages_skip_up_to=None, packages_select_build_failed=False, packages_skip_build_finished=False, packages_select_test_failures=False, packages_skip_test_passed=False, packages_select=None, packages_skip=None, packages_select_regex=None, packages_skip_regex=None, packages_start=None, packages_end=None, allow_overriding=[], cmake_args=None, cmake_target=None, cmake_target_skip_unavailable=False, cmake_clean_cache=False, cmake_clean_first=False, cmake_force_configure=False, ament_cmake_args=None, catkin_cmake_args=None, catkin_skip_building_tests=False, mixin_files=None, mixin=None, verb_parser=<colcon_mixin.mixin.mixin_argument.MixinArgumentDecorator object at 0x72ef56d4eda0>, verb_extension=<colcon_core.verb.build.BuildVerb object at 0x72ef56d4e8f0>, main=<bound method BuildVerb.main of <colcon_core.verb.build.BuildVerb object at 0x72ef56d4e8f0>>, mixin_verb=('build',))
[0.397s] Level 1:colcon.colcon_core.package_discovery:discover_packages(colcon_meta) check parameters
[0.397s] Level 1:colcon.colcon_core.package_discovery:discover_packages(recursive) check parameters
[0.397s] Level 1:colcon.colcon_core.package_discovery:discover_packages(ignore) check parameters
[0.397s] Level 1:colcon.colcon_core.package_discovery:discover_packages(path) check parameters
[0.397s] Level 1:colcon.colcon_core.package_discovery:discover_packages(colcon_meta) discover
[0.397s] Level 1:colcon.colcon_core.package_discovery:discover_packages(recursive) discover
[0.397s] INFO:colcon.colcon_core.package_discovery:Crawling recursively for packages in '/home/rob/colcon_ws'
[0.397s] Level 1:colcon.colcon_core.package_identification:_identify(.) by extensions ['ignore', 'ignore_ament_install']
[0.398s] Level 1:colcon.colcon_core.package_identification:_identify(.) by extension 'ignore'
[0.398s] Level 1:colcon.colcon_core.package_identification:_identify(.) by extension 'ignore_ament_install'
[0.398s] Level 1:colcon.colcon_core.package_identification:_identify(.) by extensions ['colcon_pkg']
[0.398s] Level 1:colcon.colcon_core.package_identification:_identify(.) by extension 'colcon_pkg'
[0.398s] Level 1:colcon.colcon_core.package_identification:_identify(.) by extensions ['colcon_meta']
[0.398s] Level 1:colcon.colcon_core.package_identification:_identify(.) by extension 'colcon_meta'
[0.398s] Level 1:colcon.colcon_core.package_identification:_identify(.) by extensions ['ros']
[0.398s] Level 1:colcon.colcon_core.package_identification:_identify(.) by extension 'ros'
[0.413s] Level 1:colcon.colcon_core.package_identification:_identify(.) by extensions ['cmake', 'python']
[0.413s] Level 1:colcon.colcon_core.package_identification:_identify(.) by extension 'cmake'
[0.413s] Level 1:colcon.colcon_core.package_identification:_identify(.) by extension 'python'
[0.413s] Level 1:colcon.colcon_core.package_identification:_identify(.) by extensions ['python_setup_py']
[0.413s] Level 1:colcon.colcon_core.package_identification:_identify(.) by extension 'python_setup_py'
[0.414s] Level 1:colcon.colcon_core.package_identification:_identify(build) by extensions ['ignore', 'ignore_ament_install']
[0.414s] Level 1:colcon.colcon_core.package_identification:_identify(build) by extension 'ignore'
[0.414s] Level 1:colcon.colcon_core.package_identification:_identify(build) ignored
[0.414s] Level 1:colcon.colcon_core.package_identification:_identify(install) by extensions ['ignore', 'ignore_ament_install']
[0.414s] Level 1:colcon.colcon_core.package_identification:_identify(install) by extension 'ignore'
[0.414s] Level 1:colcon.colcon_core.package_identification:_identify(install) ignored
[0.414s] Level 1:colcon.colcon_core.package_identification:_identify(log) by extensions ['ignore', 'ignore_ament_install']
[0.414s] Level 1:colcon.colcon_core.package_identification:_identify(log) by extension 'ignore'
[0.414s] Level 1:colcon.colcon_core.package_identification:_identify(log) ignored
[0.415s] Level 1:colcon.colcon_core.package_identification:_identify(src) by extensions ['ignore', 'ignore_ament_install']
[0.415s] Level 1:colcon.colcon_core.package_identification:_identify(src) by extension 'ignore'
[0.415s] Level 1:colcon.colcon_core.package_identification:_identify(src) by extension 'ignore_ament_install'
[0.415s] Level 1:colcon.colcon_core.package_identification:_identify(src) by extensions ['colcon_pkg']
[0.415s] Level 1:colcon.colcon_core.package_identification:_identify(src) by extension 'colcon_pkg'
[0.415s] Level 1:colcon.colcon_core.package_identification:_identify(src) by extensions ['colcon_meta']
[0.415s] Level 1:colcon.colcon_core.package_identification:_identify(src) by extension 'colcon_meta'
[0.415s] Level 1:colcon.colcon_core.package_identification:_identify(src) by extensions ['ros']
[0.415s] Level 1:colcon.colcon_core.package_identification:_identify(src) by extension 'ros'
[0.415s] Level 1:colcon.colcon_core.package_identification:_identify(src) by extensions ['cmake', 'python']
[0.415s] Level 1:colcon.colcon_core.package_identification:_identify(src) by extension 'cmake'
[0.415s] Level 1:colcon.colcon_core.package_identification:_identify(src) by extension 'python'
[0.415s] Level 1:colcon.colcon_core.package_identification:_identify(src) by extensions ['python_setup_py']
[0.415s] Level 1:colcon.colcon_core.package_identification:_identify(src) by extension 'python_setup_py'
[0.415s] Level 1:colcon.colcon_core.package_identification:_identify(src/arm) by extensions ['ignore', 'ignore_ament_install']
[0.416s] Level 1:colcon.colcon_core.package_identification:_identify(src/arm) by extension 'ignore'
[0.416s] Level 1:colcon.colcon_core.package_identification:_identify(src/arm) by extension 'ignore_ament_install'
[0.416s] Level 1:colcon.colcon_core.package_identification:_identify(src/arm) by extensions ['colcon_pkg']
[0.416s] Level 1:colcon.colcon_core.package_identification:_identify(src/arm) by extension 'colcon_pkg'
[0.416s] Level 1:colcon.colcon_core.package_identification:_identify(src/arm) by extensions ['colcon_meta']
[0.416s] Level 1:colcon.colcon_core.package_identification:_identify(src/arm) by extension 'colcon_meta'
[0.416s] Level 1:colcon.colcon_core.package_identification:_identify(src/arm) by extensions ['ros']
[0.416s] Level 1:colcon.colcon_core.package_identification:_identify(src/arm) by extension 'ros'
[0.420s] DEBUG:colcon.colcon_core.package_identification:Package 'src/arm' with type 'ros.ament_cmake' and name 'arm'
[0.420s] Level 1:colcon.colcon_core.package_identification:_identify(src/arm2) by extensions ['ignore', 'ignore_ament_install']
[0.420s] Level 1:colcon.colcon_core.package_identification:_identify(src/arm2) by extension 'ignore'
[0.420s] Level 1:colcon.colcon_core.package_identification:_identify(src/arm2) by extension 'ignore_ament_install'
[0.420s] Level 1:colcon.colcon_core.package_identification:_identify(src/arm2) by extensions ['colcon_pkg']
[0.420s] Level 1:colcon.colcon_core.package_identification:_identify(src/arm2) by extension 'colcon_pkg'
[0.420s] Level 1:colcon.colcon_core.package_identification:_identify(src/arm2) by extensions ['colcon_meta']
[0.420s] Level 1:colcon.colcon_core.package_identification:_identify(src/arm2) by extension 'colcon_meta'
[0.420s] Level 1:colcon.colcon_core.package_identification:_identify(src/arm2) by extensions ['ros']
[0.420s] Level 1:colcon.colcon_core.package_identification:_identify(src/arm2) by extension 'ros'
[0.421s] DEBUG:colcon.colcon_core.package_identification:Package 'src/arm2' with type 'ros.ament_cmake' and name 'arm2'
[0.421s] Level 1:colcon.colcon_core.package_discovery:discover_packages(recursive) using defaults
[0.422s] Level 1:colcon.colcon_core.package_discovery:discover_packages(ignore) discover
[0.422s] Level 1:colcon.colcon_core.package_discovery:discover_packages(ignore) using defaults
[0.422s] Level 1:colcon.colcon_core.package_discovery:discover_packages(path) discover
[0.422s] Level 1:colcon.colcon_core.package_discovery:discover_packages(path) using defaults
[0.485s] Level 1:colcon.colcon_core.package_discovery:discover_packages(prefix_path) check parameters
[0.485s] Level 1:colcon.colcon_core.package_discovery:discover_packages(prefix_path) discover
[0.487s] DEBUG:colcon.colcon_installed_package_information.package_discovery:Found 2 installed packages in /home/rob/colcon_ws/install
[0.490s] DEBUG:colcon.colcon_installed_package_information.package_discovery:Found 378 installed packages in /opt/ros/humble
[0.492s] Level 1:colcon.colcon_core.package_discovery:discover_packages(prefix_path) using defaults
[0.558s] Level 5:colcon.colcon_core.verb:set package 'arm' build argument 'cmake_args' from command line to 'None'
[0.558s] Level 5:colcon.colcon_core.verb:set package 'arm' build argument 'cmake_target' from command line to 'None'
[0.558s] Level 5:colcon.colcon_core.verb:set package 'arm' build argument 'cmake_target_skip_unavailable' from command line to 'False'
[0.558s] Level 5:colcon.colcon_core.verb:set package 'arm' build argument 'cmake_clean_cache' from command line to 'False'
[0.558s] Level 5:colcon.colcon_core.verb:set package 'arm' build argument 'cmake_clean_first' from command line to 'False'
[0.558s] Level 5:colcon.colcon_core.verb:set package 'arm' build argument 'cmake_force_configure' from command line to 'False'
[0.558s] Level 5:colcon.colcon_core.verb:set package 'arm' build argument 'ament_cmake_args' from command line to 'None'
[0.559s] Level 5:colcon.colcon_core.verb:set package 'arm' build argument 'catkin_cmake_args' from command line to 'None'
[0.559s] Level 5:colcon.colcon_core.verb:set package 'arm' build argument 'catkin_skip_building_tests' from command line to 'False'
[0.559s] DEBUG:colcon.colcon_core.verb:Building package 'arm' with the following arguments: {'ament_cmake_args': None, 'build_base': '/home/rob/colcon_ws/build/arm', 'catkin_cmake_args': None, 'catkin_skip_building_tests': False, 'cmake_args': None, 'cmake_clean_cache': False, 'cmake_clean_first': False, 'cmake_force_configure': False, 'cmake_target': None, 'cmake_target_skip_unavailable': False, 'install_base': '/home/rob/colcon_ws/install/arm', 'merge_install': False, 'path': '/home/rob/colcon_ws/src/arm', 'symlink_install': False, 'test_result_base': None}
[0.559s] Level 5:colcon.colcon_core.verb:set package 'arm2' build argument 'cmake_args' from command line to 'None'
[0.559s] Level 5:colcon.colcon_core.verb:set package 'arm2' build argument 'cmake_target' from command line to 'None'
[0.559s] Level 5:colcon.colcon_core.verb:set package 'arm2' build argument 'cmake_target_skip_unavailable' from command line to 'False'
[0.559s] Level 5:colcon.colcon_core.verb:set package 'arm2' build argument 'cmake_clean_cache' from command line to 'False'
[0.559s] Level 5:colcon.colcon_core.verb:set package 'arm2' build argument 'cmake_clean_first' from command line to 'False'
[0.559s] Level 5:colcon.colcon_core.verb:set package 'arm2' build argument 'cmake_force_configure' from command line to 'False'
[0.559s] Level 5:colcon.colcon_core.verb:set package 'arm2' build argument 'ament_cmake_args' from command line to 'None'
[0.559s] Level 5:colcon.colcon_core.verb:set package 'arm2' build argument 'catkin_cmake_args' from command line to 'None'
[0.559s] Level 5:colcon.colcon_core.verb:set package 'arm2' build argument 'catkin_skip_building_tests' from command line to 'False'
[0.559s] DEBUG:colcon.colcon_core.verb:Building package 'arm2' with the following arguments: {'ament_cmake_args': None, 'build_base': '/home/rob/colcon_ws/build/arm2', 'catkin_cmake_args': None, 'catkin_skip_building_tests': False, 'cmake_args': None, 'cmake_clean_cache': False, 'cmake_clean_first': False, 'cmake_force_configure': False, 'cmake_target': None, 'cmake_target_skip_unavailable': False, 'install_base': '/home/rob/colcon_ws/install/arm2', 'merge_install': False, 'path': '/home/rob/colcon_ws/src/arm2', 'symlink_install': False, 'test_result_base': None}
[0.560s] INFO:colcon.colcon_core.executor:Executing jobs using 'parallel' executor
[0.562s] DEBUG:colcon.colcon_parallel_executor.executor.parallel:run_until_complete
[0.562s] INFO:colcon.colcon_ros.task.ament_cmake.build:Building ROS package in '/home/rob/colcon_ws/src/arm' with build type 'ament_cmake'
[0.562s] INFO:colcon.colcon_cmake.task.cmake.build:Building CMake package in '/home/rob/colcon_ws/src/arm'
[0.565s] INFO:colcon.colcon_core.plugin_system:Skipping extension 'colcon_core.shell.bat': Not used on non-Windows systems
[0.565s] INFO:colcon.colcon_core.shell:Skip shell extension 'powershell' for command environment: Not usable outside of PowerShell
[0.565s] DEBUG:colcon.colcon_core.shell:Skip shell extension 'dsv' for command environment
[0.643s] DEBUG:colcon.colcon_core.event_handler.log_command:Invoking command in '/home/rob/colcon_ws/build/arm': CMAKE_PREFIX_PATH=${CMAKE_PREFIX_PATH}:/opt/ros/humble /usr/bin/cmake /home/rob/colcon_ws/src/arm -DCMAKE_INSTALL_PREFIX=/home/rob/colcon_ws/install/arm
[1.034s] DEBUG:colcon.colcon_core.event_handler.log_command:Invoked command in '/home/rob/colcon_ws/build/arm' returned '0': CMAKE_PREFIX_PATH=${CMAKE_PREFIX_PATH}:/opt/ros/humble /usr/bin/cmake /home/rob/colcon_ws/src/arm -DCMAKE_INSTALL_PREFIX=/home/rob/colcon_ws/install/arm
[1.038s] DEBUG:colcon.colcon_core.event_handler.log_command:Invoking command in '/home/rob/colcon_ws/build/arm': CMAKE_PREFIX_PATH=${CMAKE_PREFIX_PATH}:/opt/ros/humble /usr/bin/cmake --build /home/rob/colcon_ws/build/arm -- -j12 -l12
[1.124s] DEBUG:colcon.colcon_core.event_handler.log_command:Invoked command in '/home/rob/colcon_ws/build/arm' returned '0': CMAKE_PREFIX_PATH=${CMAKE_PREFIX_PATH}:/opt/ros/humble /usr/bin/cmake --build /home/rob/colcon_ws/build/arm -- -j12 -l12
[1.148s] DEBUG:colcon.colcon_core.event_handler.log_command:Invoking command in '/home/rob/colcon_ws/build/arm': CMAKE_PREFIX_PATH=${CMAKE_PREFIX_PATH}:/opt/ros/humble /usr/bin/cmake --install /home/rob/colcon_ws/build/arm
[1.195s] Level 1:colcon.colcon_core.environment:create_environment_scripts_only(arm)
[1.197s] DEBUG:colcon.colcon_core.event_handler.log_command:Invoked command in '/home/rob/colcon_ws/build/arm' returned '0': CMAKE_PREFIX_PATH=${CMAKE_PREFIX_PATH}:/opt/ros/humble /usr/bin/cmake --install /home/rob/colcon_ws/build/arm
[1.201s] Level 1:colcon.colcon_core.environment:checking '/home/rob/colcon_ws/install/arm' for CMake module files
[1.202s] Level 1:colcon.colcon_core.environment:checking '/home/rob/colcon_ws/install/arm' for CMake config files
[1.204s] Level 1:colcon.colcon_core.shell:create_environment_hook('arm', 'cmake_prefix_path')
[1.204s] INFO:colcon.colcon_core.shell:Creating environment hook '/home/rob/colcon_ws/install/arm/share/arm/hook/cmake_prefix_path.ps1'
[1.206s] INFO:colcon.colcon_core.shell:Creating environment descriptor '/home/rob/colcon_ws/install/arm/share/arm/hook/cmake_prefix_path.dsv'
[1.207s] INFO:colcon.colcon_core.shell:Creating environment hook '/home/rob/colcon_ws/install/arm/share/arm/hook/cmake_prefix_path.sh'
[1.208s] Level 1:colcon.colcon_core.environment:checking '/home/rob/colcon_ws/install/arm/bin'
[1.209s] Level 1:colcon.colcon_core.environment:checking '/home/rob/colcon_ws/install/arm/lib/pkgconfig/arm.pc'
[1.209s] Level 1:colcon.colcon_core.environment:checking '/home/rob/colcon_ws/install/arm/lib/python3.10/site-packages'
[1.210s] Level 1:colcon.colcon_core.environment:checking '/home/rob/colcon_ws/install/arm/bin'
[1.210s] INFO:colcon.colcon_core.shell:Creating package script '/home/rob/colcon_ws/install/arm/share/arm/package.ps1'
[1.212s] INFO:colcon.colcon_core.shell:Creating package descriptor '/home/rob/colcon_ws/install/arm/share/arm/package.dsv'
[1.213s] INFO:colcon.colcon_core.shell:Creating package script '/home/rob/colcon_ws/install/arm/share/arm/package.sh'
[1.215s] INFO:colcon.colcon_core.shell:Creating package script '/home/rob/colcon_ws/install/arm/share/arm/package.bash'
[1.216s] INFO:colcon.colcon_core.shell:Creating package script '/home/rob/colcon_ws/install/arm/share/arm/package.zsh'
[1.218s] Level 1:colcon.colcon_core.environment:create_file_with_runtime_dependencies(/home/rob/colcon_ws/install/arm/share/colcon-core/packages/arm)
[1.219s] Level 1:colcon.colcon_core.environment:create_environment_scripts_only(arm)
[1.219s] Level 1:colcon.colcon_core.environment:checking '/home/rob/colcon_ws/install/arm' for CMake module files
[1.220s] Level 1:colcon.colcon_core.environment:checking '/home/rob/colcon_ws/install/arm' for CMake config files
[1.221s] Level 1:colcon.colcon_core.shell:create_environment_hook('arm', 'cmake_prefix_path')
[1.222s] INFO:colcon.colcon_core.shell:Creating environment hook '/home/rob/colcon_ws/install/arm/share/arm/hook/cmake_prefix_path.ps1'
[1.267s] INFO:colcon.colcon_core.shell:Creating environment descriptor '/home/rob/colcon_ws/install/arm/share/arm/hook/cmake_prefix_path.dsv'
[1.271s] INFO:colcon.colcon_core.shell:Creating environment hook '/home/rob/colcon_ws/install/arm/share/arm/hook/cmake_prefix_path.sh'
[1.272s] Level 1:colcon.colcon_core.environment:checking '/home/rob/colcon_ws/install/arm/bin'
[1.273s] Level 1:colcon.colcon_core.environment:checking '/home/rob/colcon_ws/install/arm/lib/pkgconfig/arm.pc'
[1.273s] Level 1:colcon.colcon_core.environment:checking '/home/rob/colcon_ws/install/arm/lib/python3.10/site-packages'
[1.274s] Level 1:colcon.colcon_core.environment:checking '/home/rob/colcon_ws/install/arm/bin'
[1.274s] INFO:colcon.colcon_core.shell:Creating package script '/home/rob/colcon_ws/install/arm/share/arm/package.ps1'
[1.275s] INFO:colcon.colcon_core.shell:Creating package descriptor '/home/rob/colcon_ws/install/arm/share/arm/package.dsv'
[1.276s] INFO:colcon.colcon_core.shell:Creating package script '/home/rob/colcon_ws/install/arm/share/arm/package.sh'
[1.277s] INFO:colcon.colcon_core.shell:Creating package script '/home/rob/colcon_ws/install/arm/share/arm/package.bash'
[1.278s] INFO:colcon.colcon_core.shell:Creating package script '/home/rob/colcon_ws/install/arm/share/arm/package.zsh'
[1.279s] Level 1:colcon.colcon_core.environment:create_file_with_runtime_dependencies(/home/rob/colcon_ws/install/arm/share/colcon-core/packages/arm)
[1.280s] INFO:colcon.colcon_ros.task.ament_cmake.build:Building ROS package in '/home/rob/colcon_ws/src/arm2' with build type 'ament_cmake'
[1.280s] INFO:colcon.colcon_cmake.task.cmake.build:Building CMake package in '/home/rob/colcon_ws/src/arm2'
[1.280s] INFO:colcon.colcon_core.shell:Skip shell extension 'powershell' for command environment: Not usable outside of PowerShell
[1.280s] DEBUG:colcon.colcon_core.shell:Skip shell extension 'dsv' for command environment
[1.303s] DEBUG:colcon.colcon_core.event_handler.log_command:Invoking command in '/home/rob/colcon_ws/build/arm2': CMAKE_PREFIX_PATH=/home/rob/colcon_ws/install/arm:/home/rob/colcon_ws/install/arm2:/opt/ros/humble /usr/bin/cmake /home/rob/colcon_ws/src/arm2 -DCMAKE_INSTALL_PREFIX=/home/rob/colcon_ws/install/arm2
[1.665s] DEBUG:colcon.colcon_core.event_handler.log_command:Invoked command in '/home/rob/colcon_ws/build/arm2' returned '0': CMAKE_PREFIX_PATH=/home/rob/colcon_ws/install/arm:/home/rob/colcon_ws/install/arm2:/opt/ros/humble /usr/bin/cmake /home/rob/colcon_ws/src/arm2 -DCMAKE_INSTALL_PREFIX=/home/rob/colcon_ws/install/arm2
[1.668s] DEBUG:colcon.colcon_core.event_handler.log_command:Invoking command in '/home/rob/colcon_ws/build/arm2': CMAKE_PREFIX_PATH=/home/rob/colcon_ws/install/arm:/home/rob/colcon_ws/install/arm2:/opt/ros/humble /usr/bin/cmake --build /home/rob/colcon_ws/build/arm2 -- -j12 -l12
[1.747s] DEBUG:colcon.colcon_core.event_handler.log_command:Invoked command in '/home/rob/colcon_ws/build/arm2' returned '0': CMAKE_PREFIX_PATH=/home/rob/colcon_ws/install/arm:/home/rob/colcon_ws/install/arm2:/opt/ros/humble /usr/bin/cmake --build /home/rob/colcon_ws/build/arm2 -- -j12 -l12
[1.750s] DEBUG:colcon.colcon_core.event_handler.log_command:Invoking command in '/home/rob/colcon_ws/build/arm2': CMAKE_PREFIX_PATH=/home/rob/colcon_ws/install/arm:/home/rob/colcon_ws/install/arm2:/opt/ros/humble /usr/bin/cmake --install /home/rob/colcon_ws/build/arm2
[1.795s] Level 1:colcon.colcon_core.environment:create_environment_scripts_only(arm2)
[1.797s] Level 1:colcon.colcon_core.environment:checking '/home/rob/colcon_ws/install/arm2' for CMake module files
[1.798s] DEBUG:colcon.colcon_core.event_handler.log_command:Invoked command in '/home/rob/colcon_ws/build/arm2' returned '0': CMAKE_PREFIX_PATH=/home/rob/colcon_ws/install/arm:/home/rob/colcon_ws/install/arm2:/opt/ros/humble /usr/bin/cmake --install /home/rob/colcon_ws/build/arm2
[1.798s] Level 1:colcon.colcon_core.environment:checking '/home/rob/colcon_ws/install/arm2' for CMake config files
[1.800s] Level 1:colcon.colcon_core.shell:create_environment_hook('arm2', 'cmake_prefix_path')
[1.800s] INFO:colcon.colcon_core.shell:Creating environment hook '/home/rob/colcon_ws/install/arm2/share/arm2/hook/cmake_prefix_path.ps1'
[1.801s] INFO:colcon.colcon_core.shell:Creating environment descriptor '/home/rob/colcon_ws/install/arm2/share/arm2/hook/cmake_prefix_path.dsv'
[1.802s] INFO:colcon.colcon_core.shell:Creating environment hook '/home/rob/colcon_ws/install/arm2/share/arm2/hook/cmake_prefix_path.sh'
[1.803s] Level 1:colcon.colcon_core.environment:checking '/home/rob/colcon_ws/install/arm2/bin'
[1.803s] Level 1:colcon.colcon_core.environment:checking '/home/rob/colcon_ws/install/arm2/lib/pkgconfig/arm2.pc'
[1.804s] Level 1:colcon.colcon_core.environment:checking '/home/rob/colcon_ws/install/arm2/lib/python3.10/site-packages'
[1.804s] Level 1:colcon.colcon_core.environment:checking '/home/rob/colcon_ws/install/arm2/bin'
[1.805s] INFO:colcon.colcon_core.shell:Creating package script '/home/rob/colcon_ws/install/arm2/share/arm2/package.ps1'
[1.806s] INFO:colcon.colcon_core.shell:Creating package descriptor '/home/rob/colcon_ws/install/arm2/share/arm2/package.dsv'
[1.807s] INFO:colcon.colcon_core.shell:Creating package script '/home/rob/colcon_ws/install/arm2/share/arm2/package.sh'
[1.808s] INFO:colcon.colcon_core.shell:Creating package script '/home/rob/colcon_ws/install/arm2/share/arm2/package.bash'
[1.808s] INFO:colcon.colcon_core.shell:Creating package script '/home/rob/colcon_ws/install/arm2/share/arm2/package.zsh'
[1.809s] Level 1:colcon.colcon_core.environment:create_file_with_runtime_dependencies(/home/rob/colcon_ws/install/arm2/share/colcon-core/packages/arm2)
[1.810s] Level 1:colcon.colcon_core.environment:create_environment_scripts_only(arm2)
[1.811s] Level 1:colcon.colcon_core.environment:checking '/home/rob/colcon_ws/install/arm2' for CMake module files
[1.812s] Level 1:colcon.colcon_core.environment:checking '/home/rob/colcon_ws/install/arm2' for CMake config files
[1.813s] Level 1:colcon.colcon_core.shell:create_environment_hook('arm2', 'cmake_prefix_path')
[1.814s] INFO:colcon.colcon_core.shell:Creating environment hook '/home/rob/colcon_ws/install/arm2/share/arm2/hook/cmake_prefix_path.ps1'
[1.863s] INFO:colcon.colcon_core.shell:Creating environment descriptor '/home/rob/colcon_ws/install/arm2/share/arm2/hook/cmake_prefix_path.dsv'
[1.866s] INFO:colcon.colcon_core.shell:Creating environment hook '/home/rob/colcon_ws/install/arm2/share/arm2/hook/cmake_prefix_path.sh'
[1.868s] Level 1:colcon.colcon_core.environment:checking '/home/rob/colcon_ws/install/arm2/bin'
[1.868s] Level 1:colcon.colcon_core.environment:checking '/home/rob/colcon_ws/install/arm2/lib/pkgconfig/arm2.pc'
[1.868s] Level 1:colcon.colcon_core.environment:checking '/home/rob/colcon_ws/install/arm2/lib/python3.10/site-packages'
[1.869s] Level 1:colcon.colcon_core.environment:checking '/home/rob/colcon_ws/install/arm2/bin'
[1.869s] INFO:colcon.colcon_core.shell:Creating package script '/home/rob/colcon_ws/install/arm2/share/arm2/package.ps1'
[1.870s] INFO:colcon.colcon_core.shell:Creating package descriptor '/home/rob/colcon_ws/install/arm2/share/arm2/package.dsv'
[1.871s] INFO:colcon.colcon_core.shell:Creating package script '/home/rob/colcon_ws/install/arm2/share/arm2/package.sh'
[1.872s] INFO:colcon.colcon_core.shell:Creating package script '/home/rob/colcon_ws/install/arm2/share/arm2/package.bash'
[1.873s] INFO:colcon.colcon_core.shell:Creating package script '/home/rob/colcon_ws/install/arm2/share/arm2/package.zsh'
[1.874s] Level 1:colcon.colcon_core.environment:create_file_with_runtime_dependencies(/home/rob/colcon_ws/install/arm2/share/colcon-core/packages/arm2)
[1.875s] DEBUG:colcon.colcon_parallel_executor.executor.parallel:closing loop
[1.876s] DEBUG:colcon.colcon_parallel_executor.executor.parallel:loop closed
[1.876s] DEBUG:colcon.colcon_parallel_executor.executor.parallel:run_until_complete finished with '0'
[1.876s] DEBUG:colcon.colcon_core.event_reactor:joining thread
[1.885s] INFO:colcon.colcon_core.plugin_system:Skipping extension 'colcon_notification.desktop_notification.terminal_notifier': Not used on non-Darwin systems
[1.886s] INFO:colcon.colcon_core.plugin_system:Skipping extension 'colcon_notification.desktop_notification.win32': Not used on non-Windows systems
[1.886s] INFO:colcon.colcon_notification.desktop_notification:Sending desktop notification using 'notify2'
[26.896s] DEBUG:colcon.colcon_notification.desktop_notification.notify2:Failed to initialize notify2: org.freedesktop.DBus.Error.NoReply: Did not receive a reply. Possible causes include: the remote application did not send a reply, the message bus security policy blocked the reply, the reply timeout expired, or the network connection was broken.
[26.896s] DEBUG:colcon.colcon_core.event_reactor:joined thread
[26.897s] INFO:colcon.colcon_core.shell:Creating prefix script '/home/rob/colcon_ws/install/local_setup.ps1'
[26.900s] INFO:colcon.colcon_core.shell:Creating prefix util module '/home/rob/colcon_ws/install/_local_setup_util_ps1.py'
[26.904s] INFO:colcon.colcon_core.shell:Creating prefix chain script '/home/rob/colcon_ws/install/setup.ps1'
[26.906s] INFO:colcon.colcon_core.shell:Creating prefix script '/home/rob/colcon_ws/install/local_setup.sh'
[26.908s] INFO:colcon.colcon_core.shell:Creating prefix util module '/home/rob/colcon_ws/install/_local_setup_util_sh.py'
[26.909s] INFO:colcon.colcon_core.shell:Creating prefix chain script '/home/rob/colcon_ws/install/setup.sh'
[26.912s] INFO:colcon.colcon_core.shell:Creating prefix script '/home/rob/colcon_ws/install/local_setup.bash'
[26.913s] INFO:colcon.colcon_core.shell:Creating prefix chain script '/home/rob/colcon_ws/install/setup.bash'
[26.915s] INFO:colcon.colcon_core.shell:Creating prefix script '/home/rob/colcon_ws/install/local_setup.zsh'
[26.964s] INFO:colcon.colcon_core.shell:Creating prefix chain script '/home/rob/colcon_ws/install/setup.zsh'
