[0.014s] Invoking command in '/home/rob/colcon_ws/build/arm': /usr/bin/cmake /home/rob/colcon_ws/src/arm -DAMENT_CMAKE_SYMLINK_INSTALL=1 -DCMAKE_INSTALL_PREFIX=/home/rob/colcon_ws/install/arm
[0.038s] -- Found ament_cmake: 1.3.11 (/opt/ros/humble/share/ament_cmake/cmake)
[0.239s] Traceback (most recent call last):
[0.239s]   File "/opt/ros/humble/share/ament_cmake_core/cmake/package_templates/templates_2_cmake.py", line 21, in <module>
[0.239s]     from ament_package.templates import get_environment_hook_template_path
[0.239s] ModuleNotFoundError: No module named 'ament_package'
[0.266s] [31mCMake Error at /opt/ros/humble/share/ament_cmake_core/cmake/ament_cmake_package_templates-extras.cmake:41 (message):
[0.266s]   execute_process(/usr/bin/python3
[0.267s]   /opt/ros/humble/share/ament_cmake_core/cmake/package_templates/templates_2_cmake.py
[0.267s]   /home/rob/colcon_ws/build/arm/ament_cmake_package_templates/templates.cmake)
[0.267s]   returned error code 1
[0.267s] Call Stack (most recent call first):
[0.267s]   /opt/ros/humble/share/ament_cmake_core/cmake/ament_cmake_coreConfig.cmake:41 (include)
[0.268s]   /opt/ros/humble/share/ament_cmake/cmake/ament_cmake_export_dependencies-extras.cmake:15 (find_package)
[0.268s]   /opt/ros/humble/share/ament_cmake/cmake/ament_cmakeConfig.cmake:41 (include)
[0.268s]   CMakeLists.txt:9 (find_package)
[0.268s] 
[0.268s] [0m
[0.269s] -- Configuring incomplete, errors occurred!
[0.269s] See also "/home/rob/colcon_ws/build/arm/CMakeFiles/CMakeOutput.log".
[0.275s] Invoked command in '/home/rob/colcon_ws/build/arm' returned '1': /usr/bin/cmake /home/rob/colcon_ws/src/arm -DAMENT_CMAKE_SYMLINK_INSTALL=1 -DCMAKE_INSTALL_PREFIX=/home/rob/colcon_ws/install/arm
